<?xml version="1.0" encoding="UTF-8"?>
<testsuite name="client.typeCorrectTest" tests="2" skipped="0" failures="0" errors="0" timestamp="2021-02-19T13:58:18" hostname="LAPTOP-IPD9UCU2" time="0.005">
  <properties/>
  <testcase name="infoTest()" classname="client.typeCorrectTest" time="0.003"/>
  <testcase name="typeCorrect()" classname="client.typeCorrectTest" time="0.001"/>
  <system-out><![CDATA[]]></system-out>
  <system-err><![CDATA[]]></system-err>
</testsuite>
